cl : 命令列 warning D9035: 選項 'Gm' 已被取代，在未來的發行版本中將會移除
  mygame.cpp
d:\apt\110-2\oopl\work\oopl\oop\game4.10\source\resource.h(90): error C2220: 將警告視為錯誤處理 - 沒有產生 'object' 檔案
d:\apt\110-2\oopl\work\oopl\oop\game4.10\source\resource.h(90): warning C4005: '_APS_NEXT_RESOURCE_VALUE': 巨集重複定義
  d:\apt\110-2\oopl\work\oopl\oop\game4.10\source\resource.h(81): note: 請參閱 '_APS_NEXT_RESOURCE_VALUE' 之前的定義
  gamelib.cpp
d:\apt\110-2\oopl\work\oopl\oop\game4.10\source\resource.h(90): error C2220: 將警告視為錯誤處理 - 沒有產生 'object' 檔案
d:\apt\110-2\oopl\work\oopl\oop\game4.10\source\resource.h(90): warning C4005: '_APS_NEXT_RESOURCE_VALUE': 巨集重複定義
  d:\apt\110-2\oopl\work\oopl\oop\game4.10\source\resource.h(81): note: 請參閱 '_APS_NEXT_RESOURCE_VALUE' 之前的定義
d:\apt\110-2\oopl\work\oopl\oop\game4.10\source\resource.h(81): warning C4005: '_APS_NEXT_RESOURCE_VALUE': 巨集重複定義
  d:\apt\110-2\oopl\work\oopl\oop\game4.10\source\resource.h(90): note: 請參閱 '_APS_NEXT_RESOURCE_VALUE' 之前的定義
d:\apt\110-2\oopl\work\oopl\oop\game4.10\source\resource.h(90): warning C4005: '_APS_NEXT_RESOURCE_VALUE': 巨集重複定義
  d:\apt\110-2\oopl\work\oopl\oop\game4.10\source\resource.h(81): note: 請參閱 '_APS_NEXT_RESOURCE_VALUE' 之前的定義
  gameView.cpp
d:\apt\110-2\oopl\work\oopl\oop\game4.10\source\resource.h(90): error C2220: 將警告視為錯誤處理 - 沒有產生 'object' 檔案
d:\apt\110-2\oopl\work\oopl\oop\game4.10\source\resource.h(90): warning C4005: '_APS_NEXT_RESOURCE_VALUE': 巨集重複定義
  d:\apt\110-2\oopl\work\oopl\oop\game4.10\source\resource.h(81): note: 請參閱 '_APS_NEXT_RESOURCE_VALUE' 之前的定義
  gameDoc.cpp
d:\apt\110-2\oopl\work\oopl\oop\game4.10\source\resource.h(90): error C2220: 將警告視為錯誤處理 - 沒有產生 'object' 檔案
d:\apt\110-2\oopl\work\oopl\oop\game4.10\source\resource.h(90): warning C4005: '_APS_NEXT_RESOURCE_VALUE': 巨集重複定義
  d:\apt\110-2\oopl\work\oopl\oop\game4.10\source\resource.h(81): note: 請參閱 '_APS_NEXT_RESOURCE_VALUE' 之前的定義
  game.cpp
d:\apt\110-2\oopl\work\oopl\oop\game4.10\source\resource.h(90): error C2220: 將警告視為錯誤處理 - 沒有產生 'object' 檔案
d:\apt\110-2\oopl\work\oopl\oop\game4.10\source\resource.h(90): warning C4005: '_APS_NEXT_RESOURCE_VALUE': 巨集重複定義
  d:\apt\110-2\oopl\work\oopl\oop\game4.10\source\resource.h(81): note: 請參閱 '_APS_NEXT_RESOURCE_VALUE' 之前的定義
  audio.cpp
d:\apt\110-2\oopl\work\oopl\oop\game4.10\source\resource.h(90): error C2220: 將警告視為錯誤處理 - 沒有產生 'object' 檔案
d:\apt\110-2\oopl\work\oopl\oop\game4.10\source\resource.h(90): warning C4005: '_APS_NEXT_RESOURCE_VALUE': 巨集重複定義
  d:\apt\110-2\oopl\work\oopl\oop\game4.10\source\resource.h(81): note: 請參閱 '_APS_NEXT_RESOURCE_VALUE' 之前的定義
d:\apt\110-2\oopl\work\oopl\oop\game4.10\source\resource.h(81): warning C4005: '_APS_NEXT_RESOURCE_VALUE': 巨集重複定義
  d:\apt\110-2\oopl\work\oopl\oop\game4.10\source\resource.h(90): note: 請參閱 '_APS_NEXT_RESOURCE_VALUE' 之前的定義
d:\apt\110-2\oopl\work\oopl\oop\game4.10\source\resource.h(90): warning C4005: '_APS_NEXT_RESOURCE_VALUE': 巨集重複定義
  d:\apt\110-2\oopl\work\oopl\oop\game4.10\source\resource.h(81): note: 請參閱 '_APS_NEXT_RESOURCE_VALUE' 之前的定義
  MainFrm.cpp
d:\apt\110-2\oopl\work\oopl\oop\game4.10\source\resource.h(90): error C2220: 將警告視為錯誤處理 - 沒有產生 'object' 檔案
d:\apt\110-2\oopl\work\oopl\oop\game4.10\source\resource.h(90): warning C4005: '_APS_NEXT_RESOURCE_VALUE': 巨集重複定義
  d:\apt\110-2\oopl\work\oopl\oop\game4.10\source\resource.h(81): note: 請參閱 '_APS_NEXT_RESOURCE_VALUE' 之前的定義
  CEraser.cpp
d:\apt\110-2\oopl\work\oopl\oop\game4.10\source\resource.h(90): error C2220: 將警告視為錯誤處理 - 沒有產生 'object' 檔案
d:\apt\110-2\oopl\work\oopl\oop\game4.10\source\resource.h(90): warning C4005: '_APS_NEXT_RESOURCE_VALUE': 巨集重複定義
  d:\apt\110-2\oopl\work\oopl\oop\game4.10\source\resource.h(81): note: 請參閱 '_APS_NEXT_RESOURCE_VALUE' 之前的定義
d:\apt\110-2\oopl\work\oopl\oop\game4.10\source\ceraser.cpp(75): error C2065: 'IDB_archer_right': 未宣告的識別項
  CBouncingBall.cpp
d:\apt\110-2\oopl\work\oopl\oop\game4.10\source\resource.h(90): error C2220: 將警告視為錯誤處理 - 沒有產生 'object' 檔案
d:\apt\110-2\oopl\work\oopl\oop\game4.10\source\resource.h(90): warning C4005: '_APS_NEXT_RESOURCE_VALUE': 巨集重複定義
  d:\apt\110-2\oopl\work\oopl\oop\game4.10\source\resource.h(81): note: 請參閱 '_APS_NEXT_RESOURCE_VALUE' 之前的定義
  CBall.cpp
d:\apt\110-2\oopl\work\oopl\oop\game4.10\source\resource.h(90): error C2220: 將警告視為錯誤處理 - 沒有產生 'object' 檔案
d:\apt\110-2\oopl\work\oopl\oop\game4.10\source\resource.h(90): warning C4005: '_APS_NEXT_RESOURCE_VALUE': 巨集重複定義
  d:\apt\110-2\oopl\work\oopl\oop\game4.10\source\resource.h(81): note: 請參閱 '_APS_NEXT_RESOURCE_VALUE' 之前的定義
  正在產生程式碼...
